<?xml version="1.0" encoding="UTF-8"?>
<testng-results skipped="0" failed="0" total="1" passed="1">
  <reporter-output>
  </reporter-output>
  <suite name="Default suite" duration-ms="33408" started-at="2016-04-15T11:37:17Z" finished-at="2016-04-15T11:37:51Z">
    <groups>
    </groups>
    <test name="Default test" duration-ms="33408" started-at="2016-04-15T11:37:17Z" finished-at="2016-04-15T11:37:51Z">
      <class name="Log4jTest.Log4jTest$Log4j">
        <test-method status="PASS" signature="main()[pri:0, instance:Log4jTest.Log4jTest$Log4j@d3bd8b]" name="main" duration-ms="33389" started-at="2016-04-15T17:07:17Z" finished-at="2016-04-15T17:07:51Z">
          <reporter-output>
          </reporter-output>
        </test-method> <!-- main -->
      </class> <!-- Log4jTest.Log4jTest$Log4j -->
      <class name="Log4jTest.Log4jTest">
        <test-method status="PASS" signature="beforeTest()[pri:0, instance:Log4jTest.Log4jTest@1698539]" name="beforeTest" is-config="true" duration-ms="7" started-at="2016-04-15T17:07:17Z" finished-at="2016-04-15T17:07:17Z">
          <reporter-output>
          </reporter-output>
        </test-method> <!-- beforeTest -->
        <test-method status="PASS" signature="afterTest()[pri:0, instance:Log4jTest.Log4jTest@1698539]" name="afterTest" is-config="true" duration-ms="1" started-at="2016-04-15T17:07:51Z" finished-at="2016-04-15T17:07:51Z">
          <reporter-output>
          </reporter-output>
        </test-method> <!-- afterTest -->
      </class> <!-- Log4jTest.Log4jTest -->
    </test> <!-- Default test -->
  </suite> <!-- Default suite -->
</testng-results>
